{
  "RSpec": {
    "coverage": {
      "/home/delightful-dispatch-9896/tic-tac-toe-rb-ruby-apply-000/lib/tic_tac_toe.rb": [
        null,
        1,
        null,
        null,
        null,
        null,
        null,
        null,
        null,
        null,
        null,
        1,
        48,
        48,
        48,
        48,
        48,
        null,
        null,
        null,
        1,
        9340,
        null,
        null,
        null,
        1,
        24,
        null,
        null,
        null,
        1,
        9441,
        null,
        null,
        null,
        1,
        9340,
        null,
        null,
        null,
        1,
        9338,
        null,
        9337,
        9337,
        null,
        null,
        null,
        9337,
        21,
        21,
        null,
        9316,
        null,
        22,
        null,
        null,
        null,
        1,
        230,
        null,
        null,
        1,
        22,
        null,
        null,
        null,
        1,
        49,
        324,
        null,
        null,
        null,
        null,
        null,
        null,
        1,
        27,
        19,
        null,
        8,
        null,
        null,
        null,
        1,
        11,
        null,
        null,
        null,
        1,
        23,
        null,
        null,
        null,
        1,
        7,
        6,
        null,
        null,
        null,
        null,
        1,
        12,
        11,
        5,
        6,
        2,
        null,
        null,
        null,
        null,
        null,
        null,
        null,
        null,
        null
      ]
    },
    "timestamp": 1596601050
  }
}
